<?xml version="1.0" encoding="UTF-8"?>
<!-- Generated by org.testng.reporters.JUnitReportReporter -->
<testsuite hostname="LAPTOP-VM4BS85A" failures="0" tests="1" name="tests._06_SelectFlight" time="10.116" errors="0" timestamp="2024-11-11T17:37:22 IST" skipped="0">
  <testcase classname="tests._06_SelectFlight" name="selectFlight" time="10.116"/>
</testsuite> <!-- tests._06_SelectFlight -->
