<?xml version="1.0" encoding="UTF-8"?>
<!-- Generated by org.testng.reporters.JUnitReportReporter -->
<testsuite hostname="LAPTOP-VM4BS85A" failures="0" tests="1" name="tests._02_SignUpSpiceJet" time="22.126" errors="0" timestamp="2024-11-11T17:29:26 IST" skipped="0">
  <testcase classname="tests._02_SignUpSpiceJet" name="ValidateSignUpPage" time="22.126"/>
</testsuite> <!-- tests._02_SignUpSpiceJet -->
