<?xml version="1.0" encoding="UTF-8"?>
<!-- Generated by org.testng.reporters.JUnitReportReporter -->
<testsuite hostname="LAPTOP-VM4BS85A" failures="0" tests="1" name="tests._01_NavigateToSpiceJet" time="2.952" errors="0" timestamp="2024-11-11T17:23:43 IST" skipped="0">
  <testcase classname="tests._01_NavigateToSpiceJet" name="navigateToSpiceJet" time="2.952"/>
</testsuite> <!-- tests._01_NavigateToSpiceJet -->
