<?xml version="1.0" encoding="UTF-8"?>
<!-- Generated by org.testng.reporters.JUnitReportReporter -->
<testsuite hostname="LAPTOP-VM4BS85A" failures="0" tests="1" name="tests.TestCase_5" time="3.193" errors="0" timestamp="2024-11-11T07:56:24 IST" skipped="0">
  <testcase classname="tests.TestCase_5" name="roundTrip" time="3.193"/>
</testsuite> <!-- tests.TestCase_5 -->
