<?xml version="1.0" encoding="UTF-8"?>
<!-- Generated by org.testng.reporters.JUnitReportReporter -->
<testsuite hostname="LAPTOP-VM4BS85A" failures="0" tests="1" name="tests._05_RoundTrip" time="7.557" errors="0" timestamp="2024-11-11T17:14:14 IST" skipped="0">
  <testcase classname="tests._05_RoundTrip" name="roundTrip" time="7.557"/>
</testsuite> <!-- tests._05_RoundTrip -->
