<?xml version="1.0" encoding="UTF-8"?>
<!-- Generated by org.testng.reporters.JUnitReportReporter -->
<testsuite hostname="LAPTOP-VM4BS85A" failures="0" tests="1" name="tests._09_ValidateField" time="4.602" errors="0" timestamp="2024-11-11T17:14:14 IST" skipped="0">
  <testcase classname="tests._09_ValidateField" name="validateField" time="4.602"/>
</testsuite> <!-- tests._09_ValidateField -->
