<?xml version="1.0" encoding="UTF-8"?>
<!-- Generated by org.testng.reporters.JUnitReportReporter -->
<testsuite hostname="LAPTOP-VM4BS85A" failures="0" tests="1" name="tests.TestCase_3" time="4.527" errors="0" timestamp="2024-11-11T05:27:10 IST" skipped="0">
  <testcase classname="tests.TestCase_3" name="navigateLoginPage" time="4.527"/>
</testsuite> <!-- tests.TestCase_3 -->
