<?xml version="1.0" encoding="UTF-8"?>
<!-- Generated by org.testng.reporters.JUnitReportReporter -->
<testsuite hostname="LAPTOP-VM4BS85A" failures="0" tests="1" name="tests._04_OneWayTrip" time="6.511" errors="0" timestamp="2024-11-11T17:33:30 IST" skipped="0">
  <testcase classname="tests._04_OneWayTrip" name="oneWay" time="6.511"/>
</testsuite> <!-- tests._04_OneWayTrip -->
