<?xml version="1.0" encoding="UTF-8"?>
<!-- Generated by org.testng.reporters.JUnitReportReporter -->
<testsuite hostname="LAPTOP-VM4BS85A" failures="0" tests="1" name="tests.TestCase_8" time="1.993" errors="0" timestamp="2024-11-11T12:57:15 IST" skipped="0">
  <testcase classname="tests.TestCase_8" name="validateField" time="1.993"/>
</testsuite> <!-- tests.TestCase_8 -->
