<?xml version="1.0" encoding="UTF-8"?>
<!-- Generated by org.testng.reporters.JUnitReportReporter -->
<testsuite hostname="LAPTOP-VM4BS85A" failures="0" tests="1" name="tests._07_08_FillPassengerAndbookingSucessfully" time="26.384" errors="0" timestamp="2024-11-11T17:39:47 IST" skipped="0">
  <testcase classname="tests._07_08_FillPassengerAndbookingSucessfully" name="bookingForm" time="26.384"/>
</testsuite> <!-- tests._07_08_FillPassengerAndbookingSucessfully -->
