<?xml version="1.0" encoding="UTF-8"?>
<!-- Generated by org.testng.reporters.JUnitReportReporter -->
<testsuite hostname="LAPTOP-VM4BS85A" failures="0" tests="1" name="tests.TestCase_6" time="8.672" errors="0" timestamp="2024-11-11T09:28:11 IST" skipped="0">
  <testcase classname="tests.TestCase_6" name="selectFlight" time="8.672"/>
</testsuite> <!-- tests.TestCase_6 -->
