<?xml version="1.0" encoding="UTF-8"?>
<!-- Generated by org.testng.reporters.JUnitReportReporter -->
<testsuite hostname="LAPTOP-VM4BS85A" failures="0" tests="1" name="tests.Testcase_1" time="0.016" errors="0" timestamp="2024-11-10T11:22:05 IST" skipped="0">
  <testcase classname="tests.Testcase_1" name="navigateToSpiceJet" time="0.016"/>
</testsuite> <!-- tests.Testcase_1 -->
