<?xml version="1.0" encoding="UTF-8"?>
<!-- Generated by org.testng.reporters.JUnitReportReporter -->
<testsuite hostname="LAPTOP-VM4BS85A" failures="0" tests="1" name="tests._03_LoginSpiceJet" time="5.483" errors="0" timestamp="2024-11-11T17:31:25 IST" skipped="0">
  <testcase classname="tests._03_LoginSpiceJet" name="navigateLoginPage" time="5.483"/>
</testsuite> <!-- tests._03_LoginSpiceJet -->
